==============================================================================
Suites                                                                        
==============================================================================
Suites.DBTesting                                                              
==============================================================================
Drop Persons Table                                                    None
| PASS |
------------------------------------------------------------------------------
Create Persons Table                                                  None
| PASS |
------------------------------------------------------------------------------
Inserting Data in Persons Table                                       None
| PASS |
------------------------------------------------------------------------------
Check David record present in Persons Table                           | PASS |
------------------------------------------------------------------------------
Check Jio record Not present in Persons Table                         | PASS |
------------------------------------------------------------------------------
Check Person Table exists in mydb Database                            | PASS |
------------------------------------------------------------------------------
Verify Row Count is Zero                                              | PASS |
------------------------------------------------------------------------------
Verify Row Count is Equal to Some Value                               | PASS |
------------------------------------------------------------------------------
Verify Row Count is Greater to Some Value                             | PASS |
------------------------------------------------------------------------------
Verify Row Count is Lesser to Some Value                              | PASS |
------------------------------------------------------------------------------
Update Record in Table Persons                                        None
| PASS |
------------------------------------------------------------------------------
Retrieve Record in Table Persons                                      many [(101, 'John', 'Kennedy'), (102, 'David', 'Kennedy'), (103, 'Smith', 'Kennedy'), (104, 'Jio', 'Kennedy'), (105, 'Tye', 'Kennedy')]
| PASS |
------------------------------------------------------------------------------
Delete Records in Table                                               None
| PASS |
------------------------------------------------------------------------------
Suites.DBTesting                                                      | PASS |
13 tests, 13 passed, 0 failed
==============================================================================
Suites                                                                | PASS |
13 tests, 13 passed, 0 failed
==============================================================================
Output:  C:\Users\user\PycharmProjects\automation\pabot_results\3\output.xml
