==============================================================================
Suites                                                                        
==============================================================================
Suites.TestDrivenTest3 CSV                                                    
==============================================================================
LoginTestWithExcel                                                    | PASS |
------------------------------------------------------------------------------
LoginTestWithExcel                                                    | PASS |
------------------------------------------------------------------------------
LoginTestWithExcel                                                    | PASS |
------------------------------------------------------------------------------
LoginTestWithExcel                                                    | PASS |
------------------------------------------------------------------------------
LoginTestWithExcel                                                    | PASS |
------------------------------------------------------------------------------
Suites.TestDrivenTest3 CSV                                            | PASS |
5 tests, 5 passed, 0 failed
==============================================================================
Suites                                                                | PASS |
5 tests, 5 passed, 0 failed
==============================================================================
Output:  C:\Users\user\PycharmProjects\automation\pabot_results\25\output.xml
