==============================================================================
Suites                                                                        
==============================================================================
Suites.TestDrivenTest2 Excel                                                  
==============================================================================
LoginTestWithExcel                                                    | PASS |
------------------------------------------------------------------------------
LoginTestWithExcel                                                    | PASS |
------------------------------------------------------------------------------
LoginTestWithExcel                                                    | PASS |
------------------------------------------------------------------------------
LoginTestWithExcel                                                    | PASS |
------------------------------------------------------------------------------
LoginTestWithExcel                                                    | PASS |
------------------------------------------------------------------------------
Suites.TestDrivenTest2 Excel                                          | PASS |
5 tests, 5 passed, 0 failed
==============================================================================
Suites                                                                | PASS |
5 tests, 5 passed, 0 failed
==============================================================================
Output:  C:\Users\user\PycharmProjects\automation\pabot_results\24\output.xml
