==============================================================================
Suites                                                                        
==============================================================================
Suites.GetAllLinks                                                            
==============================================================================
GetAllLinksTest                                                       133
批踢踢實業坊
關於我們
聯絡資訊
熱門看板
分類看板
Gossiping 5767 綜合 ◎[八卦] 823砲戰65周年！！
Stock 3169 學術 ◎[股票] 注意！文章要有股點
C_Chat 1911 閒談 ◎[希恰] 板主投票最後一天!!!!!
Baseball 1662 棒球 ◎[棒球] 恭喜今日大王/林益全選手
Military 836 軍事 ◎[軍事]軍事資訊分享 請詳閱板規
HatePolitics 582 Hate ◎[政黑] 板主很帥
NBA 541 NBA. ◎[NBA] 新任板主熱烈募集中!!!
Lifeismoney 509 省錢 ◎[省錢] 省錢板
car 370 車車 ◎[汽車] 大家要注意板規1-8喔
sex 324 男女 ◎[西斯] 高風險者可接種猴痘疫苗
home-sale 318 房屋 ◎[房屋] 禁無關看板新聞/租賃廣告
LoL 311 遊戲 ◎[LoL] LCS夏季賽冠軍 NRG
KoreaStar 297 韓國 ◎[韓星] 經典的夏日回歸大亂鬥
movie 281 綜合 ◎[電影] 禁政治版規試行 注意!
Tech_Job 267 工作 ◎[科技] 版規三政治水桶恢復至7天
Beauty 248 聊天 ◎[表特] 貼AI圖 一律水桶+退文
PC_Shopping 223 硬體 ◎[電蝦]去旁邊烘乾懂嗎！
MobileComm 203 資訊 ◎[通訊] 手機情報o資費比較o交易x
basketballTW 180 籃球 ◎[台籃] 攻城獅 vs 台新大聖
Japan_Travel 180 旅遊 ◎提出問題請注意是否已經有答案
japanavgirls 177 綜合 ◎AV女優板 清新、優質,神人照格式
creditcard 161 理財 ◎[卡板] 徵求板主至 9/9
AllTogether 143 聯誼 ◎[歐兔] 老派約會之必要
BabyMother 133 家庭 ◎[寶寶] 親子同樂徵文中
Boy-Girl 133 心情 ◎[男女] 水桶很滿 推文請三思
PlayStation 129 主機 ◎[PS5] 8/25 機戰傭兵6
Steam 127 平台 ◎本板禁止買賣合購代購代刷
AC_In 126 閒談 ◎[裏洽] 勤洗手
KoreaDrama 123 韓劇 ◎[韓劇] 新活動不要壓線
WomenTalk 118 聊天 ◎[女孩]注意新版規 禁止政治內容<3
Elephants 115 CPBL ◎[兄弟] Thank you 福來喜
marriage 112 婚姻 ◎[婚姻] 歡迎光臨婚姻板
Tainan 110 台南 ◎[台南]防治登革熱-巡、清、倒、刷
Badminton 97 羽球 ◎[羽球版]
TaichungBun 96 台中 ◎[台中] 節約用水
joke 90 娛樂 ◎[就可] R.I.P Balltze QQ
Japandrama 89 日劇 ◎[日劇] 木22 多部未華子
iOS 87 系統 ◎[iOS] 臺灣時間 9/13 01:00am
Kaohsiung 86 高雄 ◎ ~喵嗨囉~歡迎來到高雄板~
HardwareSale 82 買賣 ◎[硬交] 販售文請附實體照
NSwitch 80 主機 ◎[NS] 超級瑪利歐兄弟 驚奇 10/20
CFantasy 76 玄幻 ◎[玄幻] 玄幻小說板
biker 76 車車 ◎[機車]出門注意安全
CVS 74 資訊 ◎[CVS] 沙漠綠洲-便利商店
Marginalman 72 心情 ◎[邊緣] 這裡是婚姻板
SportLottery 70 博弈 ◎[運彩] 請勿辱罵與人身攻擊 注意
DIABLO 70 線上 ◎[暗黑] BZ:しゃかいじあ真材實料!
marvel 70 生二 ◎[媽佛] 看marvel四周就不熱了喔!!
miHoYo 68 米哈 ◎[米哈遊] 芙芙大白腿真香
BaseballXXXX 60 ４Ｘ ◎[四叉] 大王角落
TY_Research 60 大氣 ◎9/3 天氣迷聚會請見置底 持續更新
e-shopping 52 網購 ◎[ＥＳ] 注意板規 遠離水桶
CarShop 49 買賣 ◎[汽車買賣] 看【置底公告】再發文
PathofExile 49 線上 ◎[PoE] 勤洗手戴口罩 保持社交距離
China-Drama 47 中劇 ◎[中劇] 徵文活動倒數！週四截止！
MacShop 47 資訊 ◎[麥蝦] 發文前詳閱板規,違者嚴懲
MuscleBeach 47 美體 ◎[健身] 發文前請務必詳閱板規
Headphone 46 資訊 ◎Dopin R.I.P 我們永遠懷念你
mobilesales 45 資訊 ◎[Mobile] 板規不看，水桶就來
KR_Entertain 45 綜藝 ◎[韓綜] Show Me The 新板主!
Bank_Service 45 銀行 ◎[銀行服務板] 發文滿50字三行
EAseries 44 歐美 ◎[EA] 歐美影集版
watch 44 購一 ◎[錶板] Show me your Watch!
Gamesale 42 綜合 ◎[GS] 遊戲交易板
PokemonGO 42 抓寶 ◎[PMGO] 8/26~27全球Go Fest!10~18
ONE_PIECE 41 日本 ◎[海賊王] 1090 《大將黃猿》
DigiCurrency 39 資訊 ◎[數位貨幣] BTC USDT spiral
YuanChuang 38 原創 ◎[原創] 八月徵文 詳見置底
Key_Mou_Pad 38 生活 ◎[鍵鼠] 兔年行大運
Option 38 學術 ◎[期權] 手續費洽broker板
MLB 38 #MLB ◎2023 球季正式開始
DSLR 37 攝影 ◎[攝影] 2023
Hsinchu 36 新竹 ◎[新竹] 票券點數會員置底
BeautySalon 36 美容 ◎[美保]
Salary 35 職場 ◎[職場] 工作職場板
ToS 34 轉珠 ◎[星爆] 死槍戰慄
MakeUp 34 美容 ◎[美妝]
TW_Entertain 34 綜藝 ◎[台綜]全明星辯論會! new!
FATE_GO 32 手遊 ◎[FGO] 台 超古代新選組列傳 復刻
SuperBike 32 車車 ◎PTT重機板 ~ 發買賣文請詳閱置底
BabyProducts 31 買賣 ◎黑名常客：**emily36**
Railway 30 交通 ◎[鐵道] EMU600紀錄要快
Soft_Job 29 工作 ◎[軟工] 十二月的你
BlueArchive 28 蔚藍 ◎[蔚藍] 隠されし遺産を求めて
XBOX 28 主機 ◎[XBOX] XGP疑問請先參閱置底/爬文
Teacher 28 教師 ◎[踢雀] 盛夏七月~~
Aviation 28 交通 ◎[航空] 航空板 請先詳閱板規
WOW 27 線上 ◎[WoW] 巨龍來了 - 徵版主
DC_SALE 26 攝影 ◎數位相機交易 - 禁止套利行為
give 26 贈送 ◎[贈送] 標題不合置底文規定 刪
KoreanPop 25 音樂 ◎抵制買榜 抵制作弊，韓樂需要正義
cat 25 寵物 ◎[喵板] 送養文務必看板規
Lions 25 CPBL ◎ 狂賀統一7-ELEVEn獅上半季冠軍
StupidClown 25 經歷 ◎ 哼哼哼哼
PublicServan 24 公職 ◎[公職]
Drama-Ticket 24 舞臺 ◎藝文票券轉售板 禁止徵票小心詐騙
DMM_GAMES 24 遊戲 ◎[DMMG] 歡迎光臨DMM GAMES
Hearthstone 23 線上 ◎[爐石] 《泰坦傳說》
TaiwanDrama 23 臺劇 ◎[臺劇] MeToo風波置底討論謝謝
Food 23 美食 ◎美食板
Tennis 23 網球 ◎[網球] Alcaraz #2 & Vondrousova #1
nb-shopping 22 硬體 ◎[筆電蝦]
MobilePay 22 理財 ◎刷卡回饋問題請至信用卡板
UmaMusume 21 賽馬 ◎[馬娘] 三星路/不意外啦/今年一定
Foreign_Inv 21 理財 ◎海外投資版
PuzzleDragon 21 轉珠 ◎[P＆D] 創板十週年紀念小物徵稿中
Brand 21 資訊 ◎ ＊* 布蘭德 細節的價值 ＊*
Wanted 21 徵求 ◎[汪踢] 情人節徵文開跑
Audiophile 20 資訊 ◎[喇音] 請詳閱置底交易文新板規
Monkeys 20 CPBL ◎樂天桃猿！本週客場旅遊週～
E-appliance 18 資訊 ◎[家電] 發文請照規定發文
fastfood 18 美食 ◎[速食] 慟！甜心卡已死
e-coupon 18 理財 ◎e-coupon板規#1XewXRTO/#1Zxrj5t0
KanColle 17 艦娘 ◎[艦娘] 活動前段開
studyteacher 17 教師 ◎實習教師! 看板規!代理置底推!^0^
Hip-Hop 17 音樂 ◎[嘻哈]最佳華語專輯：《PRO》熊仔
FITNESS 17 美體 ◎[體適能] 徵人/轉讓文會被水桶7天
SET 16 頻道 ◎[泣] 糖果與螢火蟲
hypermall 16 購三 ◎[賣場] 發文請看板規
Taoyuan 16 桃園 ◎[桃園]
Lakers 16 W-PA ◎[Lakers] 止步西冠 展望23-24賽季
FAPL 16 聯賽 ◎歡樂．三喵．足球
Korea_Travel 15 旅遊 ◎韓國旅遊板(韓幣交易桶10年)
points 15 旅遊 ◎點數哩程板 交易文發文請看板規
Digitalhome 15 數位 ◎[電視] 2023 數位家庭板 歡迎您!
cookclub 15 烹飪 ◎歡迎分享手做美食
FORMULA1 15 賽車 ◎F1板
Guardians 15 CPBL ◎[悍將] 狂賀湯寶生涯首度十轟
| PASS |
------------------------------------------------------------------------------
Suites.GetAllLinks                                                    | PASS |
1 test, 1 passed, 0 failed
==============================================================================
Suites                                                                | PASS |
1 test, 1 passed, 0 failed
==============================================================================
Output:  C:\Users\user\PycharmProjects\automation\pabot_results\7\output.xml
